	##################################################
	Initialized Combined Log File For Program Work Flow...
	##################################################

	[1]	[Chef]	[Selecting ingredients: [pepper][tomato]]
	[1]	[Chef]	[Notify saladmaker: [3]]
	[1]	[Chef]	[Man Time For Resting]
	[2]	[SaladMaker 1]	[Waiting For Ingredient: tomato]
	[3]	[SaladMaker 2]	[Waiting For Ingredient: pepper]
	[4]	[SaladMaker 3]	[Waiting For Ingredient: onion]
	[4]	[SaladMaker 3]	[Get Ingredient: onion]
	[4]	[SaladMaker 3]	[Started Making Salad...]
	[1]	[Chef]	[Selecting ingredients: [pepper][onion]]
	[1]	[Chef]	[Notify saladmaker: [1]]
	[1]	[Chef]	[Man Time For Resting]
	[2]	[SaladMaker 1]	[Get Ingredient: tomato]
	[2]	[SaladMaker 1]	[Started Making Salad...]
	[1]	[Chef]	[Selecting ingredients: [pepper][tomato]]
	[1]	[Chef]	[Notify saladmaker: [3]]
	[1]	[Chef]	[Man Time For Resting]
	[4]	[SaladMaker 3]	[Finished Making Salad!]
	[4]	[SaladMaker 3]	[Waiting For Ingredient: onion]
	[4]	[SaladMaker 3]	[Get Ingredient: onion]
	[4]	[SaladMaker 3]	[Started Making Salad...]
	[2]	[SaladMaker 1]	[Finished Making Salad!]
	[2]	[SaladMaker 1]	[Waiting For Ingredient: tomato]
	[1]	[Chef]	[Selecting ingredients: [tomato][pepper]]
	[1]	[Chef]	[Notify saladmaker: [3]]
	[1]	[Chef]	[Man Time For Resting]
	[4]	[SaladMaker 3]	[Finished Making Salad!]
	[4]	[SaladMaker 3]	[Waiting For Ingredient: onion]
	[4]	[SaladMaker 3]	[Get Ingredient: onion]
	[4]	[SaladMaker 3]	[Started Making Salad...]
	[1]	[Chef]	[Selecting ingredients: [onion][pepper]]
	[1]	[Chef]	[Notify saladmaker: [1]]
	[1]	[Chef]	[Man Time For Resting]
	[2]	[SaladMaker 1]	[Get Ingredient: tomato]
	[2]	[SaladMaker 1]	[Started Making Salad...]
	[4]	[SaladMaker 3]	[Finished Making Salad!]
	[2]	[SaladMaker 1]	[Finished Making Salad!]
